<?xml version="1.0" encoding="UTF-8"?>
<!-- Generated by org.testng.reporters.JUnitXMLReporter -->
<testsuite ignored="0" hostname="DESKTOP-068JLVA" failures="0" tests="4" name="POS" time="59.458" errors="0" timestamp="2025-05-23T13:02:32 IST">
  <testcase classname="gmailLogin" name="Login" time="29.273"/>
  <testcase classname="xmlPos" name="readAndValidatePosXML" time="0.016"/>
  <testcase classname="xmlPos" name="validateEmailOrderSummary" time="0.485"/>
  <testcase classname="gmailLogin" name="Login" time="29.606"/>
</testsuite> <!-- POS -->
