<?xml version="1.0" encoding="UTF-8"?>
<testng-results ignored="0" total="1" passed="1" failed="0" skipped="0">
  <reporter-output>
  </reporter-output>
  <suite started-at="2025-05-29T12:22:07 IST" name="Suite" finished-at="2025-05-29T12:22:16 IST" duration-ms="9082">
    <groups>
    </groups>
    <test started-at="2025-05-29T12:22:07 IST" name="Base" finished-at="2025-05-29T12:22:16 IST" duration-ms="9082">
      <class name="base.BrowserAct">
        <test-method signature="de()[pri:0, instance:base.BrowserAct@50eac852]" started-at="2025-05-29T12:22:07 IST" name="de" finished-at="2025-05-29T12:22:16 IST" duration-ms="9027" status="PASS">
          <reporter-output>
          </reporter-output>
        </test-method> <!-- de -->
      </class> <!-- base.BrowserAct -->
    </test> <!-- Base -->
  </suite> <!-- Suite -->
</testng-results>
